#
# There is insufficient memory for the Java Runtime Environment to continue.
# Native memory allocation (malloc) failed to allocate 2071888 bytes for Chunk::new
# Possible reasons:
#   The system is out of physical RAM or swap space
#   The process is running with CompressedOops enabled, and the Java Heap may be blocking the growth of the native heap
# Possible solutions:
#   Reduce memory load on the system
#   Increase physical memory or swap space
#   Check if swap backing store is full
#   Decrease Java heap size (-Xmx/-Xms)
#   Decrease number of Java threads
#   Decrease Java thread stack sizes (-Xss)
#   Set larger code cache with -XX:ReservedCodeCacheSize=
#   JVM is running with Unscaled Compressed Oops mode in which the Java heap is
#     placed in the first 4GB address space. The Java Heap base address is the
#     maximum limit for the native heap growth. Please use -XX:HeapBaseMinAddress
#     to set the Java Heap base and to place the Java Heap above 4GB virtual address.
# This output file may be truncated or incomplete.
#
#  Out of Memory Error (arena.cpp:189), pid=4680, tid=6972
#
# JRE version: OpenJDK Runtime Environment Temurin-17.0.2+8 (17.0.2+8) (build 17.0.2+8)
# Java VM: OpenJDK 64-Bit Server VM Temurin-17.0.2+8 (17.0.2+8, mixed mode, tiered, compressed oops, compressed class ptrs, g1 gc, windows-amd64)
# No core dump will be written. Minidumps are not enabled by default on client versions of Windows
#

---------------  S U M M A R Y ------------

Command Line: -Dmaven.home=EMBEDDED -Dclassworlds.conf=C:\Users\Tarun\eclipse-workspace\.metadata\.plugins\org.eclipse.m2e.launching\launches\m2conf7842270898221871472.tmp -Dmaven.multiModuleProjectDirectory=C:\Users\Tarun\Music\EMSAPI -Dfile.encoding=Cp1252 -XX:+ShowCodeDetailsInExceptionMessages org.codehaus.plexus.classworlds.launcher.Launcher -B install

Host: Intel(R) Core(TM) i5-5350U CPU @ 1.80GHz, 4 cores, 7G,  Windows 10 , 64 bit Build 19041 (10.0.19041.1202)
Time: Fri Apr 22 05:20:47 2022 Pacific Daylight Time elapsed time: 11.914101 seconds (0d 0h 0m 11s)

---------------  T H R E A D  ---------------

Current thread (0x000001f3fec1fcd0):  JavaThread "C2 CompilerThread0" daemon [_thread_in_native, id=6972, stack(0x0000001c14900000,0x0000001c14a00000)]


Current CompileTask:
C2:  11914 6344       4       com.sun.tools.javac.code.Symtab::enterClass (71 bytes)

Stack: [0x0000001c14900000,0x0000001c14a00000]
Native frames: (J=compiled Java code, j=interpreted, Vv=VM code, C=native code)
V  [jvm.dll+0x67564a]
V  [jvm.dll+0x82fc04]
V  [jvm.dll+0x8313ae]
V  [jvm.dll+0x831a13]
V  [jvm.dll+0x245235]
V  [jvm.dll+0xabd7b]
V  [jvm.dll+0xac30c]
V  [jvm.dll+0x3631f7]
V  [jvm.dll+0x32d891]
V  [jvm.dll+0x32cd3a]
V  [jvm.dll+0x2180d1]
V  [jvm.dll+0x2174f1]
V  [jvm.dll+0x1a3a8d]
V  [jvm.dll+0x226ef8]
V  [jvm.dll+0x22503c]
V  [jvm.dll+0x7e596b]
V  [jvm.dll+0x7dff2a]
V  [jvm.dll+0x6744d5]
C  [ucrtbase.dll+0x21bb2]
C  [KERNEL32.DLL+0x17034]
C  [ntdll.dll+0x52651]


---------------  P R O C E S S  ---------------

Threads class SMR info:
_java_thread_list=0x000001f38f2f4950, length=18, elements={
0x000001f3f197b3a0, 0x000001f3fe102660, 0x000001f3fe1033e0, 0x000001f3fe166e00,
0x000001f3fe168fe0, 0x000001f3fe13fa20, 0x000001f3fe13c530, 0x000001f3fec1fcd0,
0x000001f3fec20770, 0x000001f3fec2b940, 0x000001f3fe13f550, 0x000001f3fe13e6e0,
0x000001f3fe13dd40, 0x000001f3fe13ca00, 0x000001f3fe13f080, 0x000001f3fe13d870,
0x000001f3fe13ced0, 0x000001f38fc50200
}

Java Threads: ( => current thread )
  0x000001f3f197b3a0 JavaThread "main" [_thread_in_vm, id=2804, stack(0x0000001c13c00000,0x0000001c13d00000)]
  0x000001f3fe102660 JavaThread "Reference Handler" daemon [_thread_blocked, id=2972, stack(0x0000001c14300000,0x0000001c14400000)]
  0x000001f3fe1033e0 JavaThread "Finalizer" daemon [_thread_blocked, id=14080, stack(0x0000001c14400000,0x0000001c14500000)]
  0x000001f3fe166e00 JavaThread "Signal Dispatcher" daemon [_thread_blocked, id=2440, stack(0x0000001c14500000,0x0000001c14600000)]
  0x000001f3fe168fe0 JavaThread "Attach Listener" daemon [_thread_blocked, id=11588, stack(0x0000001c14600000,0x0000001c14700000)]
  0x000001f3fe13fa20 JavaThread "Service Thread" daemon [_thread_blocked, id=15216, stack(0x0000001c14700000,0x0000001c14800000)]
  0x000001f3fe13c530 JavaThread "Monitor Deflation Thread" daemon [_thread_blocked, id=2348, stack(0x0000001c14800000,0x0000001c14900000)]
=>0x000001f3fec1fcd0 JavaThread "C2 CompilerThread0" daemon [_thread_in_native, id=6972, stack(0x0000001c14900000,0x0000001c14a00000)]
  0x000001f3fec20770 JavaThread "C1 CompilerThread0" daemon [_thread_in_vm, id=13340, stack(0x0000001c14a00000,0x0000001c14b00000)]
  0x000001f3fec2b940 JavaThread "Sweeper thread" daemon [_thread_blocked, id=3424, stack(0x0000001c14b00000,0x0000001c14c00000)]
  0x000001f3fe13f550 JavaThread "Notification Thread" daemon [_thread_blocked, id=9508, stack(0x0000001c14c00000,0x0000001c14d00000)]
  0x000001f3fe13e6e0 JavaThread "Common-Cleaner" daemon [_thread_blocked, id=764, stack(0x0000001c14e00000,0x0000001c14f00000)]
  0x000001f3fe13dd40 JavaThread "OkHttp repo.maven.apache.org" [_thread_in_native, id=14956, stack(0x0000001c15200000,0x0000001c15300000)]
  0x000001f3fe13ca00 JavaThread "OkHttp ConnectionPool" daemon [_thread_blocked, id=13096, stack(0x0000001c15400000,0x0000001c15500000)]
  0x000001f3fe13f080 JavaThread "Okio Watchdog" daemon [_thread_blocked, id=8556, stack(0x0000001c15500000,0x0000001c15600000)]
  0x000001f3fe13d870 JavaThread "OkHttp repo.maven.apache.org Writer" [_thread_blocked, id=3012, stack(0x0000001c15600000,0x0000001c15700000)]
  0x000001f3fe13ced0 JavaThread "OkHttp Http2Connection" daemon [_thread_blocked, id=2628, stack(0x0000001c15700000,0x0000001c15800000)]
  0x000001f38fc50200 JavaThread "C2 CompilerThread1" daemon [_thread_in_native, id=4024, stack(0x0000001c15800000,0x0000001c15900000)]

Other Threads:
  0x000001f3fe0fdea0 VMThread "VM Thread" [stack: 0x0000001c14200000,0x0000001c14300000] [id=11132]
  0x000001f3fed644f0 WatcherThread [stack: 0x0000001c14d00000,0x0000001c14e00000] [id=5144]
  0x000001f3f3a8aa10 GCTaskThread "GC Thread#0" [stack: 0x0000001c13d00000,0x0000001c13e00000] [id=7552]
  0x000001f3ff625ef0 GCTaskThread "GC Thread#1" [stack: 0x0000001c14f00000,0x0000001c15000000] [id=14972]
  0x000001f3feec2c80 GCTaskThread "GC Thread#2" [stack: 0x0000001c15000000,0x0000001c15100000] [id=4916]
  0x000001f3ff6980e0 GCTaskThread "GC Thread#3" [stack: 0x0000001c15100000,0x0000001c15200000] [id=11316]
  0x000001f3f3a9bdf0 ConcurrentGCThread "G1 Main Marker" [stack: 0x0000001c13e00000,0x0000001c13f00000] [id=11436]
  0x000001f3f3a9dfb0 ConcurrentGCThread "G1 Conc#0" [stack: 0x0000001c13f00000,0x0000001c14000000] [id=14112]
  0x000001f3f3b16ad0 ConcurrentGCThread "G1 Refine#0" [stack: 0x0000001c14000000,0x0000001c14100000] [id=12520]
  0x000001f3f3b174f0 ConcurrentGCThread "G1 Service" [stack: 0x0000001c14100000,0x0000001c14200000] [id=6712]

Threads with active compile tasks:
C2 CompilerThread0    11963 6344       4       com.sun.tools.javac.code.Symtab::enterClass (71 bytes)
C2 CompilerThread1    11963 6494       4       com.sun.tools.javac.util.List::map (83 bytes)

VM state: not at safepoint (normal execution)

VM Mutex/Monitor currently owned by a thread: None

Heap address: 0x0000000081800000, size: 2024 MB, Compressed Oops mode: 32-bit

CDS archive(s) not mapped
Compressed class space mapped at: 0x0000000100000000-0x0000000140000000, reserved size: 1073741824
Narrow klass base: 0x0000000000000000, Narrow klass shift: 3, Narrow klass range: 0x140000000

GC Precious Log:
 CPUs: 4 total, 4 available
 Memory: 8094M
 Large Page Support: Disabled
 NUMA Support: Disabled
 Compressed Oops: Enabled (32-bit)
 Heap Region Size: 1M
 Heap Min Capacity: 8M
 Heap Initial Capacity: 128M
 Heap Max Capacity: 2024M
 Pre-touch: Disabled
 Parallel Workers: 4
 Concurrent Workers: 1
 Concurrent Refinement Workers: 4
 Periodic GC: Disabled

Heap:
 garbage-first heap   total 86016K, used 63676K [0x0000000081800000, 0x0000000100000000)
  region size 1024K, 27 young (27648K), 2 survivors (2048K)
 Metaspace       used 42679K, committed 42944K, reserved 1089536K
  class space    used 4572K, committed 4672K, reserved 1048576K

Heap Regions: E=young(eden), S=young(survivor), O=old, HS=humongous(starts), HC=humongous(continues), CS=collection set, F=free, OA=open archive, CA=closed archive, TAMS=top-at-mark-start (previous, next)
|   0|0x0000000081800000, 0x0000000081900000, 0x0000000081900000|100%| O|  |TAMS 0x0000000081900000, 0x0000000081800000| Untracked 
|   1|0x0000000081900000, 0x0000000081a00000, 0x0000000081a00000|100%| O|  |TAMS 0x0000000081a00000, 0x0000000081900000| Untracked 
|   2|0x0000000081a00000, 0x0000000081b00000, 0x0000000081b00000|100%| O|  |TAMS 0x0000000081b00000, 0x0000000081a00000| Untracked 
|   3|0x0000000081b00000, 0x0000000081c00000, 0x0000000081c00000|100%| O|  |TAMS 0x0000000081c00000, 0x0000000081b00000| Untracked 
|   4|0x0000000081c00000, 0x0000000081d00000, 0x0000000081d00000|100%| O|  |TAMS 0x0000000081d00000, 0x0000000081c00000| Untracked 
|   5|0x0000000081d00000, 0x0000000081e00000, 0x0000000081e00000|100%| O|  |TAMS 0x0000000081e00000, 0x0000000081d00000| Untracked 
|   6|0x0000000081e00000, 0x0000000081f00000, 0x0000000081f00000|100%| O|  |TAMS 0x0000000081f00000, 0x0000000081e00000| Untracked 
|   7|0x0000000081f00000, 0x0000000082000000, 0x0000000082000000|100%| O|  |TAMS 0x0000000082000000, 0x0000000081f00000| Untracked 
|   8|0x0000000082000000, 0x0000000082100000, 0x0000000082100000|100%| O|  |TAMS 0x0000000082100000, 0x0000000082000000| Untracked 
|   9|0x0000000082100000, 0x0000000082200000, 0x0000000082200000|100%| O|  |TAMS 0x0000000082200000, 0x0000000082100000| Untracked 
|  10|0x0000000082200000, 0x0000000082300000, 0x0000000082300000|100%| O|  |TAMS 0x0000000082300000, 0x0000000082200000| Untracked 
|  11|0x0000000082300000, 0x0000000082400000, 0x0000000082400000|100%| O|  |TAMS 0x0000000082400000, 0x0000000082300000| Untracked 
|  12|0x0000000082400000, 0x0000000082500000, 0x0000000082500000|100%| O|  |TAMS 0x0000000082444800, 0x0000000082400000| Untracked 
|  13|0x0000000082500000, 0x0000000082600000, 0x0000000082600000|100%|HS|  |TAMS 0x0000000082500000, 0x0000000082500000| Complete 
|  14|0x0000000082600000, 0x0000000082700000, 0x0000000082700000|100%|HS|  |TAMS 0x0000000082600000, 0x0000000082600000| Complete 
|  15|0x0000000082700000, 0x0000000082800000, 0x0000000082800000|100%| O|  |TAMS 0x0000000082700000, 0x0000000082700000| Untracked 
|  16|0x0000000082800000, 0x0000000082900000, 0x0000000082900000|100%| O|  |TAMS 0x0000000082800000, 0x0000000082800000| Untracked 
|  17|0x0000000082900000, 0x0000000082a00000, 0x0000000082a00000|100%| O|  |TAMS 0x0000000082a00000, 0x0000000082900000| Untracked 
|  18|0x0000000082a00000, 0x0000000082b00000, 0x0000000082b00000|100%| O|  |TAMS 0x0000000082b00000, 0x0000000082a00000| Untracked 
|  19|0x0000000082b00000, 0x0000000082c00000, 0x0000000082c00000|100%| O|  |TAMS 0x0000000082b00000, 0x0000000082b00000| Untracked 
|  20|0x0000000082c00000, 0x0000000082d00000, 0x0000000082d00000|100%| O|  |TAMS 0x0000000082c00000, 0x0000000082c00000| Untracked 
|  21|0x0000000082d00000, 0x0000000082e00000, 0x0000000082e00000|100%| O|  |TAMS 0x0000000082d00000, 0x0000000082d00000| Untracked 
|  22|0x0000000082e00000, 0x0000000082f00000, 0x0000000082f00000|100%| O|  |TAMS 0x0000000082e00000, 0x0000000082e00000| Untracked 
|  23|0x0000000082f00000, 0x0000000083000000, 0x0000000083000000|100%| O|  |TAMS 0x0000000082f00000, 0x0000000082f00000| Untracked 
|  24|0x0000000083000000, 0x0000000083100000, 0x0000000083100000|100%| O|  |TAMS 0x0000000083000000, 0x0000000083000000| Untracked 
|  25|0x0000000083100000, 0x0000000083200000, 0x0000000083200000|100%| O|  |TAMS 0x0000000083100000, 0x0000000083100000| Untracked 
|  26|0x0000000083200000, 0x0000000083300000, 0x0000000083300000|100%| O|  |TAMS 0x0000000083200000, 0x0000000083200000| Untracked 
|  27|0x0000000083300000, 0x0000000083400000, 0x0000000083400000|100%| O|  |TAMS 0x0000000083300000, 0x0000000083300000| Untracked 
|  28|0x0000000083400000, 0x0000000083500000, 0x0000000083500000|100%| O|  |TAMS 0x0000000083400000, 0x0000000083400000| Untracked 
|  29|0x0000000083500000, 0x0000000083600000, 0x0000000083600000|100%| O|  |TAMS 0x0000000083500000, 0x0000000083500000| Untracked 
|  30|0x0000000083600000, 0x0000000083700000, 0x0000000083700000|100%| O|  |TAMS 0x0000000083600000, 0x0000000083600000| Untracked 
|  31|0x0000000083700000, 0x0000000083800000, 0x0000000083800000|100%| O|  |TAMS 0x0000000083700000, 0x0000000083700000| Untracked 
|  32|0x0000000083800000, 0x0000000083900000, 0x0000000083900000|100%| O|  |TAMS 0x0000000083800000, 0x0000000083800000| Untracked 
|  33|0x0000000083900000, 0x0000000083a00000, 0x0000000083a00000|100%| O|  |TAMS 0x0000000083900000, 0x0000000083900000| Untracked 
|  34|0x0000000083a00000, 0x0000000083a2f000, 0x0000000083b00000| 18%| O|  |TAMS 0x0000000083a00000, 0x0000000083a00000| Untracked 
|  35|0x0000000083b00000, 0x0000000083c00000, 0x0000000083c00000|100%|HS|  |TAMS 0x0000000083b00000, 0x0000000083b00000| Complete 
|  36|0x0000000083c00000, 0x0000000083d00000, 0x0000000083d00000|100%|HS|  |TAMS 0x0000000083c00000, 0x0000000083c00000| Complete 
|  37|0x0000000083d00000, 0x0000000083d00000, 0x0000000083e00000|  0%| F|  |TAMS 0x0000000083d00000, 0x0000000083d00000| Untracked 
|  38|0x0000000083e00000, 0x0000000083e00000, 0x0000000083f00000|  0%| F|  |TAMS 0x0000000083e00000, 0x0000000083e00000| Untracked 
|  39|0x0000000083f00000, 0x0000000083f00000, 0x0000000084000000|  0%| F|  |TAMS 0x0000000083f00000, 0x0000000083f00000| Untracked 
|  40|0x0000000084000000, 0x0000000084000000, 0x0000000084100000|  0%| F|  |TAMS 0x0000000084000000, 0x0000000084000000| Untracked 
|  41|0x0000000084100000, 0x0000000084100000, 0x0000000084200000|  0%| F|  |TAMS 0x0000000084100000, 0x0000000084100000| Untracked 
|  42|0x0000000084200000, 0x0000000084200000, 0x0000000084300000|  0%| F|  |TAMS 0x0000000084200000, 0x0000000084200000| Untracked 
|  43|0x0000000084300000, 0x0000000084300000, 0x0000000084400000|  0%| F|  |TAMS 0x0000000084300000, 0x0000000084300000| Untracked 
|  44|0x0000000084400000, 0x0000000084400000, 0x0000000084500000|  0%| F|  |TAMS 0x0000000084400000, 0x0000000084400000| Untracked 
|  45|0x0000000084500000, 0x0000000084500000, 0x0000000084600000|  0%| F|  |TAMS 0x0000000084500000, 0x0000000084500000| Untracked 
|  46|0x0000000084600000, 0x0000000084600000, 0x0000000084700000|  0%| F|  |TAMS 0x0000000084600000, 0x0000000084600000| Untracked 
|  47|0x0000000084700000, 0x0000000084700000, 0x0000000084800000|  0%| F|  |TAMS 0x0000000084700000, 0x0000000084700000| Untracked 
|  48|0x0000000084800000, 0x0000000084800000, 0x0000000084900000|  0%| F|  |TAMS 0x0000000084800000, 0x0000000084800000| Untracked 
|  49|0x0000000084900000, 0x0000000084900000, 0x0000000084a00000|  0%| F|  |TAMS 0x0000000084900000, 0x0000000084900000| Untracked 
|  50|0x0000000084a00000, 0x0000000084a00000, 0x0000000084b00000|  0%| F|  |TAMS 0x0000000084a00000, 0x0000000084a00000| Untracked 
|  51|0x0000000084b00000, 0x0000000084b00000, 0x0000000084c00000|  0%| F|  |TAMS 0x0000000084b00000, 0x0000000084b00000| Untracked 
|  52|0x0000000084c00000, 0x0000000084c00000, 0x0000000084d00000|  0%| F|  |TAMS 0x0000000084c00000, 0x0000000084c00000| Untracked 
|  53|0x0000000084d00000, 0x0000000084d00000, 0x0000000084e00000|  0%| F|  |TAMS 0x0000000084d00000, 0x0000000084d00000| Untracked 
|  54|0x0000000084e00000, 0x0000000084f00000, 0x0000000084f00000|100%| S|CS|TAMS 0x0000000084e00000, 0x0000000084e00000| Complete 
|  55|0x0000000084f00000, 0x0000000085000000, 0x0000000085000000|100%| S|CS|TAMS 0x0000000084f00000, 0x0000000084f00000| Complete 
|  56|0x0000000085000000, 0x0000000085000000, 0x0000000085100000|  0%| F|  |TAMS 0x0000000085000000, 0x0000000085000000| Untracked 
|  57|0x0000000085100000, 0x0000000085100000, 0x0000000085200000|  0%| F|  |TAMS 0x0000000085100000, 0x0000000085100000| Untracked 
|  58|0x0000000085200000, 0x0000000085200000, 0x0000000085300000|  0%| F|  |TAMS 0x0000000085200000, 0x0000000085200000| Untracked 
|  59|0x0000000085300000, 0x0000000085400000, 0x0000000085400000|100%| E|  |TAMS 0x0000000085300000, 0x0000000085300000| Complete 
|  60|0x0000000085400000, 0x0000000085500000, 0x0000000085500000|100%| E|CS|TAMS 0x0000000085400000, 0x0000000085400000| Complete 
|  61|0x0000000085500000, 0x0000000085600000, 0x0000000085600000|100%| E|CS|TAMS 0x0000000085500000, 0x0000000085500000| Complete 
|  62|0x0000000085600000, 0x0000000085700000, 0x0000000085700000|100%| E|CS|TAMS 0x0000000085600000, 0x0000000085600000| Complete 
|  63|0x0000000085700000, 0x0000000085800000, 0x0000000085800000|100%| E|CS|TAMS 0x0000000085700000, 0x0000000085700000| Complete 
|  64|0x0000000085800000, 0x0000000085900000, 0x0000000085900000|100%| E|CS|TAMS 0x0000000085800000, 0x0000000085800000| Complete 
|  65|0x0000000085900000, 0x0000000085a00000, 0x0000000085a00000|100%| E|CS|TAMS 0x0000000085900000, 0x0000000085900000| Complete 
|  66|0x0000000085a00000, 0x0000000085b00000, 0x0000000085b00000|100%| E|CS|TAMS 0x0000000085a00000, 0x0000000085a00000| Complete 
|  67|0x0000000085b00000, 0x0000000085c00000, 0x0000000085c00000|100%| E|CS|TAMS 0x0000000085b00000, 0x0000000085b00000| Complete 
|  68|0x0000000085c00000, 0x0000000085d00000, 0x0000000085d00000|100%| E|CS|TAMS 0x0000000085c00000, 0x0000000085c00000| Complete 
|  69|0x0000000085d00000, 0x0000000085e00000, 0x0000000085e00000|100%| E|CS|TAMS 0x0000000085d00000, 0x0000000085d00000| Complete 
|  70|0x0000000085e00000, 0x0000000085f00000, 0x0000000085f00000|100%| E|CS|TAMS 0x0000000085e00000, 0x0000000085e00000| Complete 
|  71|0x0000000085f00000, 0x0000000086000000, 0x0000000086000000|100%| E|CS|TAMS 0x0000000085f00000, 0x0000000085f00000| Complete 
|  72|0x0000000086000000, 0x0000000086100000, 0x0000000086100000|100%| E|CS|TAMS 0x0000000086000000, 0x0000000086000000| Complete 
|  73|0x0000000086100000, 0x0000000086200000, 0x0000000086200000|100%| E|CS|TAMS 0x0000000086100000, 0x0000000086100000| Complete 
|  74|0x0000000086200000, 0x0000000086300000, 0x0000000086300000|100%| E|CS|TAMS 0x0000000086200000, 0x0000000086200000| Complete 
|  75|0x0000000086300000, 0x0000000086400000, 0x0000000086400000|100%| E|CS|TAMS 0x0000000086300000, 0x0000000086300000| Complete 
|  76|0x0000000086400000, 0x0000000086500000, 0x0000000086500000|100%| E|CS|TAMS 0x0000000086400000, 0x0000000086400000| Complete 
|  77|0x0000000086500000, 0x0000000086600000, 0x0000000086600000|100%| E|CS|TAMS 0x0000000086500000, 0x0000000086500000| Complete 
|  78|0x0000000086600000, 0x0000000086700000, 0x0000000086700000|100%| E|CS|TAMS 0x0000000086600000, 0x0000000086600000| Complete 
|  79|0x0000000086700000, 0x0000000086800000, 0x0000000086800000|100%| E|CS|TAMS 0x0000000086700000, 0x0000000086700000| Complete 
|  80|0x0000000086800000, 0x0000000086900000, 0x0000000086900000|100%| E|CS|TAMS 0x0000000086800000, 0x0000000086800000| Complete 
|  81|0x0000000086900000, 0x0000000086a00000, 0x0000000086a00000|100%| E|CS|TAMS 0x0000000086900000, 0x0000000086900000| Complete 
|  82|0x0000000086a00000, 0x0000000086b00000, 0x0000000086b00000|100%| E|CS|TAMS 0x0000000086a00000, 0x0000000086a00000| Complete 
| 127|0x0000000089700000, 0x0000000089800000, 0x0000000089800000|100%| E|CS|TAMS 0x0000000089700000, 0x0000000089700000| Complete 

Card table byte_map: [0x000001f3f7510000,0x000001f3f7910000] _byte_map_base: 0x000001f3f7104000

Marking Bits (Prev, Next): (CMBitMap*) 0x000001f3f3a8b020, (CMBitMap*) 0x000001f3f3a8b060
 Prev Bits: [0x000001f3f7d10000, 0x000001f3f9cb0000)
 Next Bits: [0x000001f3f9cb0000, 0x000001f3fbc50000)

Polling page: 0x000001f3f3230000

Metaspace:

Usage:
  Non-class:     37.21 MB used.
      Class:      4.47 MB used.
       Both:     41.68 MB used.

Virtual space:
  Non-class space:       40.00 MB reserved,      37.38 MB ( 93%) committed,  5 nodes.
      Class space:        1.00 GB reserved,       4.56 MB ( <1%) committed,  1 nodes.
             Both:        1.04 GB reserved,      41.94 MB (  4%) committed. 

Chunk freelists:
   Non-Class:  2.08 MB
       Class:  3.38 MB
        Both:  5.45 MB

MaxMetaspaceSize: unlimited
CompressedClassSpaceSize: 1.00 GB
Initial GC threshold: 21.00 MB
Current GC threshold: 49.50 MB
CDS: off
MetaspaceReclaimPolicy: balanced
 - commit_granule_bytes: 65536.
 - commit_granule_words: 8192.
 - virtual_space_node_default_size: 1048576.
 - enlarge_chunks_in_place: 1.
 - new_chunks_are_fully_committed: 0.
 - uncommit_free_chunks: 1.
 - use_allocation_guard: 0.
 - handle_deallocations: 1.


Internal statistics:

num_allocs_failed_limit: 3.
num_arena_births: 204.
num_arena_deaths: 0.
num_vsnodes_births: 6.
num_vsnodes_deaths: 0.
num_space_committed: 671.
num_space_uncommitted: 0.
num_chunks_returned_to_freelist: 3.
num_chunks_taken_from_freelist: 1280.
num_chunk_merges: 0.
num_chunk_splits: 881.
num_chunks_enlarged: 665.
num_purges: 0.
num_inconsistent_stats: 0.

CodeHeap 'non-profiled nmethods': size=120000Kb used=3176Kb max_used=3176Kb free=116823Kb
 bounds [0x000001f387ad0000, 0x000001f387df0000, 0x000001f38f000000]
CodeHeap 'profiled nmethods': size=120000Kb used=14068Kb max_used=14068Kb free=105931Kb
 bounds [0x000001f3805a0000, 0x000001f381360000, 0x000001f387ad0000]
CodeHeap 'non-nmethods': size=5760Kb used=1270Kb max_used=1315Kb free=4489Kb
 bounds [0x000001f380000000, 0x000001f380270000, 0x000001f3805a0000]
 total_blobs=7136 nmethods=6553 adapters=495
 compilation: enabled
              stopped_count=0, restarted_count=0
 full_count=0

Compilation events (20 events):
Event: 11.902 Thread 0x000001f3fec20770 nmethod 6564 0x000001f381353410 code [0x000001f3813535c0, 0x000001f3813537d8]
Event: 11.902 Thread 0x000001f3fec20770 6566       2       com.google.common.collect.RegularImmutableList::size (6 bytes)
Event: 11.902 Thread 0x000001f3fec20770 nmethod 6566 0x000001f381353910 code [0x000001f381353aa0, 0x000001f381353bb8]
Event: 11.902 Thread 0x000001f3fec20770 6565       1       org.eclipse.sisu.plexus.ComponentDescriptorBeanModule$ComponentMetadata::getConfiguration (2 bytes)
Event: 11.902 Thread 0x000001f3fec20770 nmethod 6565 0x000001f387ddf290 code [0x000001f387ddf420, 0x000001f387ddf4f8]
Event: 11.902 Thread 0x000001f3fec20770 6567       2       java.lang.reflect.Field::set (30 bytes)
Event: 11.903 Thread 0x000001f3fec20770 nmethod 6567 0x000001f381353c90 code [0x000001f381353e60, 0x000001f381354038]
Event: 11.903 Thread 0x000001f3fec20770 6568       2       org.eclipse.sisu.inject.MildKeys::get (14 bytes)
Event: 11.903 Thread 0x000001f3fec20770 nmethod 6568 0x000001f381354190 code [0x000001f381354340, 0x000001f381354548]
Event: 11.904 Thread 0x000001f3fec20770 6569       2       org.eclipse.sisu.plexus.CompositeBeanHelper::findMethod (77 bytes)
Event: 11.905 Thread 0x000001f3fec20770 nmethod 6569 0x000001f381354690 code [0x000001f3813548a0, 0x000001f381354df8]
Event: 11.906 Thread 0x000001f3fec20770 6570       2       org.eclipse.sisu.inject.MildKeys$Weak::equals (40 bytes)
Event: 11.906 Thread 0x000001f3fec20770 nmethod 6570 0x000001f381355190 code [0x000001f381355340, 0x000001f3813555c8]
Event: 11.906 Thread 0x000001f3fec20770 6571       2       java.lang.String::valueOf (39 bytes)
Event: 11.906 Thread 0x000001f3fec20770 nmethod 6571 0x000001f381355690 code [0x000001f381355840, 0x000001f381355c18]
Event: 11.909 Thread 0x000001f3fec20770 6572       2       org.eclipse.sisu.plexus.PlexusPropertyBinder::bindProperty (143 bytes)
Event: 11.909 Thread 0x000001f3fec20770 nmethod 6572 0x000001f381355d10 code [0x000001f381355f60, 0x000001f381356598]
Event: 11.909 Thread 0x000001f3fec20770 6573       2       java.lang.reflect.Field::isSynthetic (8 bytes)
Event: 11.909 Thread 0x000001f3fec20770 nmethod 6573 0x000001f381356810 code [0x000001f3813569a0, 0x000001f381356ab8]
Event: 11.909 Thread 0x000001f3fec20770 6575   !   2       com.google.common.cache.LocalCache$Segment::storeLoadedValue (371 bytes)

GC Heap History (20 events):
Event: 7.340 GC heap before
{Heap before GC invocations=7 (full 0):
 garbage-first heap   total 37888K, used 32212K [0x0000000081800000, 0x0000000100000000)
  region size 1024K, 15 young (15360K), 1 survivors (1024K)
 Metaspace       used 28622K, committed 28864K, reserved 1081344K
  class space    used 3048K, committed 3200K, reserved 1048576K
}
Event: 7.343 GC heap after
{Heap after GC invocations=8 (full 0):
 garbage-first heap   total 37888K, used 13025K [0x0000000081800000, 0x0000000100000000)
  region size 1024K, 2 young (2048K), 2 survivors (2048K)
 Metaspace       used 28622K, committed 28864K, reserved 1081344K
  class space    used 3048K, committed 3200K, reserved 1048576K
}
Event: 7.513 GC heap before
{Heap before GC invocations=8 (full 0):
 garbage-first heap   total 37888K, used 27361K [0x0000000081800000, 0x0000000100000000)
  region size 1024K, 16 young (16384K), 2 survivors (2048K)
 Metaspace       used 28731K, committed 28992K, reserved 1081344K
  class space    used 3052K, committed 3200K, reserved 1048576K
}
Event: 7.517 GC heap after
{Heap after GC invocations=9 (full 0):
 garbage-first heap   total 37888K, used 14105K [0x0000000081800000, 0x0000000100000000)
  region size 1024K, 2 young (2048K), 2 survivors (2048K)
 Metaspace       used 28731K, committed 28992K, reserved 1081344K
  class space    used 3052K, committed 3200K, reserved 1048576K
}
Event: 7.716 GC heap before
{Heap before GC invocations=9 (full 0):
 garbage-first heap   total 37888K, used 27417K [0x0000000081800000, 0x0000000100000000)
  region size 1024K, 15 young (15360K), 2 survivors (2048K)
 Metaspace       used 29005K, committed 29248K, reserved 1081344K
  class space    used 3067K, committed 3200K, reserved 1048576K
}
Event: 7.719 GC heap after
{Heap after GC invocations=10 (full 0):
 garbage-first heap   total 37888K, used 14817K [0x0000000081800000, 0x0000000100000000)
  region size 1024K, 1 young (1024K), 1 survivors (1024K)
 Metaspace       used 29005K, committed 29248K, reserved 1081344K
  class space    used 3067K, committed 3200K, reserved 1048576K
}
Event: 7.870 GC heap before
{Heap before GC invocations=10 (full 0):
 garbage-first heap   total 37888K, used 28129K [0x0000000081800000, 0x0000000100000000)
  region size 1024K, 14 young (14336K), 1 survivors (1024K)
 Metaspace       used 29155K, committed 29376K, reserved 1081344K
  class space    used 3069K, committed 3200K, reserved 1048576K
}
Event: 7.874 GC heap after
{Heap after GC invocations=11 (full 0):
 garbage-first heap   total 37888K, used 15354K [0x0000000081800000, 0x0000000100000000)
  region size 1024K, 2 young (2048K), 2 survivors (2048K)
 Metaspace       used 29155K, committed 29376K, reserved 1081344K
  class space    used 3069K, committed 3200K, reserved 1048576K
}
Event: 8.113 GC heap before
{Heap before GC invocations=11 (full 0):
 garbage-first heap   total 37888K, used 26618K [0x0000000081800000, 0x0000000100000000)
  region size 1024K, 14 young (14336K), 2 survivors (2048K)
 Metaspace       used 30096K, committed 30272K, reserved 1081344K
  class space    used 3159K, committed 3264K, reserved 1048576K
}
Event: 8.116 GC heap after
{Heap after GC invocations=12 (full 0):
 garbage-first heap   total 37888K, used 16370K [0x0000000081800000, 0x0000000100000000)
  region size 1024K, 2 young (2048K), 2 survivors (2048K)
 Metaspace       used 30096K, committed 30272K, reserved 1081344K
  class space    used 3159K, committed 3264K, reserved 1048576K
}
Event: 8.119 GC heap before
{Heap before GC invocations=12 (full 0):
 garbage-first heap   total 41984K, used 24562K [0x0000000081800000, 0x0000000100000000)
  region size 1024K, 3 young (3072K), 2 survivors (2048K)
 Metaspace       used 30096K, committed 30272K, reserved 1081344K
  class space    used 3159K, committed 3264K, reserved 1048576K
}
Event: 8.122 GC heap after
{Heap after GC invocations=13 (full 0):
 garbage-first heap   total 51200K, used 24580K [0x0000000081800000, 0x0000000100000000)
  region size 1024K, 2 young (2048K), 2 survivors (2048K)
 Metaspace       used 30096K, committed 30272K, reserved 1081344K
  class space    used 3159K, committed 3264K, reserved 1048576K
}
Event: 8.352 GC heap before
{Heap before GC invocations=14 (full 0):
 garbage-first heap   total 86016K, used 65540K [0x0000000081800000, 0x0000000100000000)
  region size 1024K, 18 young (18432K), 2 survivors (2048K)
 Metaspace       used 30221K, committed 30464K, reserved 1081344K
  class space    used 3163K, committed 3264K, reserved 1048576K
}
Event: 8.357 GC heap after
{Heap after GC invocations=15 (full 0):
 garbage-first heap   total 86016K, used 17139K [0x0000000081800000, 0x0000000100000000)
  region size 1024K, 2 young (2048K), 2 survivors (2048K)
 Metaspace       used 30221K, committed 30464K, reserved 1081344K
  class space    used 3163K, committed 3264K, reserved 1048576K
}
Event: 9.174 GC heap before
{Heap before GC invocations=15 (full 0):
 garbage-first heap   total 86016K, used 67315K [0x0000000081800000, 0x0000000100000000)
  region size 1024K, 50 young (51200K), 2 survivors (2048K)
 Metaspace       used 37484K, committed 37824K, reserved 1089536K
  class space    used 4011K, committed 4160K, reserved 1048576K
}
Event: 9.181 GC heap after
{Heap after GC invocations=16 (full 0):
 garbage-first heap   total 86016K, used 23544K [0x0000000081800000, 0x0000000100000000)
  region size 1024K, 7 young (7168K), 7 survivors (7168K)
 Metaspace       used 37484K, committed 37824K, reserved 1089536K
  class space    used 4011K, committed 4160K, reserved 1048576K
}
Event: 10.125 GC heap before
{Heap before GC invocations=16 (full 0):
 garbage-first heap   total 86016K, used 67576K [0x0000000081800000, 0x0000000100000000)
  region size 1024K, 49 young (50176K), 7 survivors (7168K)
 Metaspace       used 39303K, committed 39616K, reserved 1089536K
  class space    used 4203K, committed 4352K, reserved 1048576K
}
Event: 10.141 GC heap after
{Heap after GC invocations=17 (full 0):
 garbage-first heap   total 86016K, used 34570K [0x0000000081800000, 0x0000000100000000)
  region size 1024K, 7 young (7168K), 7 survivors (7168K)
 Metaspace       used 39303K, committed 39616K, reserved 1089536K
  class space    used 4203K, committed 4352K, reserved 1048576K
}
Event: 11.148 GC heap before
{Heap before GC invocations=17 (full 0):
 garbage-first heap   total 86016K, used 62218K [0x0000000081800000, 0x0000000100000000)
  region size 1024K, 35 young (35840K), 7 survivors (7168K)
 Metaspace       used 41117K, committed 41408K, reserved 1089536K
  class space    used 4396K, committed 4544K, reserved 1048576K
}
Event: 11.161 GC heap after
{Heap after GC invocations=18 (full 0):
 garbage-first heap   total 86016K, used 37052K [0x0000000081800000, 0x0000000100000000)
  region size 1024K, 2 young (2048K), 2 survivors (2048K)
 Metaspace       used 41117K, committed 41408K, reserved 1089536K
  class space    used 4396K, committed 4544K, reserved 1048576K
}

Deoptimization events (20 events):
Event: 11.555 Thread 0x000001f3f197b3a0 DEOPT PACKING pc=0x000001f387af11a4 sp=0x0000001c13cfcad0
Event: 11.555 Thread 0x000001f3f197b3a0 DEOPT UNPACKING pc=0x000001f3800523a3 sp=0x0000001c13cfca78 mode 2
Event: 11.649 Thread 0x000001f3f197b3a0 DEOPT PACKING pc=0x000001f38113fd0c sp=0x0000001c13cfb390
Event: 11.649 Thread 0x000001f3f197b3a0 DEOPT UNPACKING pc=0x000001f380052b43 sp=0x0000001c13cfa750 mode 0
Event: 11.724 Thread 0x000001f3f197b3a0 Uncommon trap: trap_request=0xffffff45 fr.pc=0x000001f387d84f18 relative=0x0000000000003018
Event: 11.724 Thread 0x000001f3f197b3a0 Uncommon trap: reason=unstable_if action=reinterpret pc=0x000001f387d84f18 method=com.sun.tools.javac.jvm.ClassReader.sigToType()Lcom/sun/tools/javac/code/Type; @ 288 c2
Event: 11.724 Thread 0x000001f3f197b3a0 DEOPT PACKING pc=0x000001f387d84f18 sp=0x0000001c13cfa9e0
Event: 11.724 Thread 0x000001f3f197b3a0 DEOPT UNPACKING pc=0x000001f3800523a3 sp=0x0000001c13cfa9b8 mode 2
Event: 11.901 Thread 0x000001f3f197b3a0 Uncommon trap: trap_request=0xffffff76 fr.pc=0x000001f387cedda4 relative=0x0000000000000084
Event: 11.901 Thread 0x000001f3f197b3a0 Uncommon trap: reason=predicate action=maybe_recompile pc=0x000001f387cedda4 method=java.util.TimSort.binarySort([Ljava/lang/Object;IIILjava/util/Comparator;)V @ 34 c2
Event: 11.901 Thread 0x000001f3f197b3a0 DEOPT PACKING pc=0x000001f387cedda4 sp=0x0000001c13cfba40
Event: 11.901 Thread 0x000001f3f197b3a0 DEOPT UNPACKING pc=0x000001f3800523a3 sp=0x0000001c13cfb9f0 mode 2
Event: 11.902 Thread 0x000001f3f197b3a0 Uncommon trap: trap_request=0xffffff45 fr.pc=0x000001f387d75598 relative=0x00000000000000f8
Event: 11.902 Thread 0x000001f3f197b3a0 Uncommon trap: reason=unstable_if action=reinterpret pc=0x000001f387d75598 method=java.lang.StringLatin1.lastIndexOf([BI[BII)I @ 32 c2
Event: 11.902 Thread 0x000001f3f197b3a0 DEOPT PACKING pc=0x000001f387d75598 sp=0x0000001c13cfd990
Event: 11.902 Thread 0x000001f3f197b3a0 DEOPT UNPACKING pc=0x000001f3800523a3 sp=0x0000001c13cfd7d8 mode 2
Event: 11.910 Thread 0x000001f3f197b3a0 Uncommon trap: trap_request=0xffffff45 fr.pc=0x000001f387d6293c relative=0x000000000000009c
Event: 11.910 Thread 0x000001f3f197b3a0 Uncommon trap: reason=unstable_if action=reinterpret pc=0x000001f387d6293c method=java.lang.StringLatin1.lastIndexOf([BI[BII)I @ 32 c2
Event: 11.910 Thread 0x000001f3f197b3a0 DEOPT PACKING pc=0x000001f387d6293c sp=0x0000001c13cfd880
Event: 11.910 Thread 0x000001f3f197b3a0 DEOPT UNPACKING pc=0x000001f3800523a3 sp=0x0000001c13cfd7d8 mode 2

Classes unloaded (0 events):
No events

Classes redefined (0 events):
No events

Internal exceptions (20 events):
Event: 11.636 Thread 0x000001f3f197b3a0 Exception <a 'sun/nio/fs/WindowsException'{0x0000000085b98e88}> (0x0000000085b98e88) 
thrown [e:\jenkins\tmp\workspace\build\src\src\hotspot\share\prims\jni.cpp, line 516]
Event: 11.637 Thread 0x000001f3f197b3a0 Exception <a 'sun/nio/fs/WindowsException'{0x0000000085b991a8}> (0x0000000085b991a8) 
thrown [e:\jenkins\tmp\workspace\build\src\src\hotspot\share\prims\jni.cpp, line 516]
Event: 11.639 Thread 0x000001f3f197b3a0 Exception <a 'sun/nio/fs/WindowsException'{0x0000000085ba26a0}> (0x0000000085ba26a0) 
thrown [e:\jenkins\tmp\workspace\build\src\src\hotspot\share\prims\jni.cpp, line 516]
Event: 11.639 Thread 0x000001f3f197b3a0 Exception <a 'sun/nio/fs/WindowsException'{0x0000000085ba2970}> (0x0000000085ba2970) 
thrown [e:\jenkins\tmp\workspace\build\src\src\hotspot\share\prims\jni.cpp, line 516]
Event: 11.639 Thread 0x000001f3f197b3a0 Exception <a 'sun/nio/fs/WindowsException'{0x0000000085baba68}> (0x0000000085baba68) 
thrown [e:\jenkins\tmp\workspace\build\src\src\hotspot\share\prims\jni.cpp, line 516]
Event: 11.640 Thread 0x000001f3f197b3a0 Exception <a 'sun/nio/fs/WindowsException'{0x0000000085babcf0}> (0x0000000085babcf0) 
thrown [e:\jenkins\tmp\workspace\build\src\src\hotspot\share\prims\jni.cpp, line 516]
Event: 11.640 Thread 0x000001f3f197b3a0 Exception <a 'sun/nio/fs/WindowsException'{0x0000000085bbd438}> (0x0000000085bbd438) 
thrown [e:\jenkins\tmp\workspace\build\src\src\hotspot\share\prims\jni.cpp, line 516]
Event: 11.640 Thread 0x000001f3f197b3a0 Exception <a 'sun/nio/fs/WindowsException'{0x0000000085bbd708}> (0x0000000085bbd708) 
thrown [e:\jenkins\tmp\workspace\build\src\src\hotspot\share\prims\jni.cpp, line 516]
Event: 11.641 Thread 0x000001f3f197b3a0 Exception <a 'sun/nio/fs/WindowsException'{0x0000000085bbf0d8}> (0x0000000085bbf0d8) 
thrown [e:\jenkins\tmp\workspace\build\src\src\hotspot\share\prims\jni.cpp, line 516]
Event: 11.641 Thread 0x000001f3f197b3a0 Exception <a 'sun/nio/fs/WindowsException'{0x0000000085bbf430}> (0x0000000085bbf430) 
thrown [e:\jenkins\tmp\workspace\build\src\src\hotspot\share\prims\jni.cpp, line 516]
Event: 11.852 Thread 0x000001f3f197b3a0 Exception <a 'sun/nio/fs/WindowsException'{0x0000000085750510}> (0x0000000085750510) 
thrown [e:\jenkins\tmp\workspace\build\src\src\hotspot\share\prims\jni.cpp, line 516]
Event: 11.852 Thread 0x000001f3f197b3a0 Exception <a 'sun/nio/fs/WindowsException'{0x0000000085750bc8}> (0x0000000085750bc8) 
thrown [e:\jenkins\tmp\workspace\build\src\src\hotspot\share\prims\jni.cpp, line 516]
Event: 11.853 Thread 0x000001f3f197b3a0 Exception <a 'sun/nio/fs/WindowsException'{0x0000000085751458}> (0x0000000085751458) 
thrown [e:\jenkins\tmp\workspace\build\src\src\hotspot\share\prims\jni.cpp, line 516]
Event: 11.861 Thread 0x000001f3f197b3a0 Exception <a 'sun/nio/fs/WindowsException'{0x000000008576dbe8}> (0x000000008576dbe8) 
thrown [e:\jenkins\tmp\workspace\build\src\src\hotspot\share\prims\jni.cpp, line 516]
Event: 11.861 Thread 0x000001f3f197b3a0 Exception <a 'sun/nio/fs/WindowsException'{0x000000008576e2a8}> (0x000000008576e2a8) 
thrown [e:\jenkins\tmp\workspace\build\src\src\hotspot\share\prims\jni.cpp, line 516]
Event: 11.861 Thread 0x000001f3f197b3a0 Exception <a 'sun/nio/fs/WindowsException'{0x000000008576eb40}> (0x000000008576eb40) 
thrown [e:\jenkins\tmp\workspace\build\src\src\hotspot\share\prims\jni.cpp, line 516]
Event: 11.884 Thread 0x000001f3f197b3a0 Exception <a 'sun/nio/fs/WindowsException'{0x000000008561b238}> (0x000000008561b238) 
thrown [e:\jenkins\tmp\workspace\build\src\src\hotspot\share\prims\jni.cpp, line 516]
Event: 11.884 Thread 0x000001f3f197b3a0 Exception <a 'sun/nio/fs/WindowsException'{0x000000008561b8e0}> (0x000000008561b8e0) 
thrown [e:\jenkins\tmp\workspace\build\src\src\hotspot\share\prims\jni.cpp, line 516]
Event: 11.884 Thread 0x000001f3f197b3a0 Exception <a 'sun/nio/fs/WindowsException'{0x000000008561c118}> (0x000000008561c118) 
thrown [e:\jenkins\tmp\workspace\build\src\src\hotspot\share\prims\jni.cpp, line 516]
Event: 11.885 Thread 0x000001f3f197b3a0 Exception <a 'sun/nio/fs/WindowsException'{0x000000008561c868}> (0x000000008561c868) 
thrown [e:\jenkins\tmp\workspace\build\src\src\hotspot\share\prims\jni.cpp, line 516]

VM Operations (20 events):
Event: 10.756 Executing VM operation: ICBufferFull
Event: 10.756 Executing VM operation: ICBufferFull done
Event: 10.769 Executing VM operation: ICBufferFull
Event: 10.769 Executing VM operation: ICBufferFull done
Event: 11.148 Executing VM operation: G1CollectForAllocation
Event: 11.161 Executing VM operation: G1CollectForAllocation done
Event: 11.452 Executing VM operation: ICBufferFull
Event: 11.452 Executing VM operation: ICBufferFull done
Event: 11.460 Executing VM operation: HandshakeAllThreads
Event: 11.460 Executing VM operation: HandshakeAllThreads done
Event: 11.461 Executing VM operation: HandshakeAllThreads
Event: 11.462 Executing VM operation: HandshakeAllThreads done
Event: 11.624 Executing VM operation: ICBufferFull
Event: 11.624 Executing VM operation: ICBufferFull done
Event: 11.649 Executing VM operation: HandshakeAllThreads
Event: 11.649 Executing VM operation: HandshakeAllThreads done
Event: 11.879 Executing VM operation: HandshakeAllThreads
Event: 11.879 Executing VM operation: HandshakeAllThreads done
Event: 11.903 Executing VM operation: ICBufferFull
Event: 11.903 Executing VM operation: ICBufferFull done

Events (20 events):
Event: 11.502 loading class java/nio/channels/Channels$1
Event: 11.502 loading class java/nio/channels/Channels$1 done
Event: 11.552 loading class java/util/function/ToIntBiFunction
Event: 11.552 loading class java/util/function/ToIntBiFunction done
Event: 11.631 loading class java/util/EnumMap$EntrySet
Event: 11.632 loading class java/util/EnumMap$EntrySet done
Event: 11.632 loading class java/util/EnumMap$EntryIterator
Event: 11.632 loading class java/util/EnumMap$EnumMapIterator
Event: 11.632 loading class java/util/EnumMap$EnumMapIterator done
Event: 11.632 loading class java/util/EnumMap$EntryIterator done
Event: 11.632 loading class java/util/EnumMap$EntryIterator$Entry
Event: 11.632 loading class java/util/EnumMap$EntryIterator$Entry done
Event: 11.887 loading class java/io/DataOutputStream
Event: 11.887 loading class java/io/DataOutputStream done
Event: 11.888 loading class java/util/EnumMap$Values
Event: 11.888 loading class java/util/EnumMap$Values done
Event: 11.888 loading class java/util/EnumMap$ValueIterator
Event: 11.888 loading class java/util/EnumMap$ValueIterator done
Event: 11.892 loading class java/util/WeakHashMap$KeyIterator
Event: 11.892 loading class java/util/WeakHashMap$KeyIterator done


Dynamic libraries:
0x00007ff65bda0000 - 0x00007ff65bdae000 	C:\Users\Tarun\.p2\pool\plugins\org.eclipse.justj.openjdk.hotspot.jre.full.win32.x86_64_17.0.2.v20220201-1208\jre\bin\javaw.exe
0x00007ffeaaeb0000 - 0x00007ffeab0a5000 	C:\Windows\SYSTEM32\ntdll.dll
0x00007ffea9f80000 - 0x00007ffeaa03e000 	C:\Windows\System32\KERNEL32.DLL
0x00007ffea8a50000 - 0x00007ffea8d19000 	C:\Windows\System32\KERNELBASE.dll
0x00007ffea8d50000 - 0x00007ffea8e50000 	C:\Windows\System32\ucrtbase.dll
0x00007ffe921e0000 - 0x00007ffe921f9000 	C:\Users\Tarun\.p2\pool\plugins\org.eclipse.justj.openjdk.hotspot.jre.full.win32.x86_64_17.0.2.v20220201-1208\jre\bin\VCRUNTIME140.dll
0x00007ffea2f90000 - 0x00007ffea2fa8000 	C:\Users\Tarun\.p2\pool\plugins\org.eclipse.justj.openjdk.hotspot.jre.full.win32.x86_64_17.0.2.v20220201-1208\jre\bin\jli.dll
0x00007ffea8ff0000 - 0x00007ffea9191000 	C:\Windows\System32\USER32.dll
0x00007ffea8d20000 - 0x00007ffea8d42000 	C:\Windows\System32\win32u.dll
0x00007ffea9290000 - 0x00007ffea92bb000 	C:\Windows\System32\GDI32.dll
0x00007ffea8940000 - 0x00007ffea8a4b000 	C:\Windows\System32\gdi32full.dll
0x00007ffea8600000 - 0x00007ffea869d000 	C:\Windows\System32\msvcp_win.dll
0x00007ffe96f40000 - 0x00007ffe971da000 	C:\Windows\WinSxS\amd64_microsoft.windows.common-controls_6595b64144ccf1df_6.0.19041.1110_none_60b5254171f9507e\COMCTL32.dll
0x00007ffeaac90000 - 0x00007ffeaad2e000 	C:\Windows\System32\msvcrt.dll
0x00007ffea8fc0000 - 0x00007ffea8ff0000 	C:\Windows\System32\IMM32.DLL
0x00007ffe950b0000 - 0x00007ffe950bc000 	C:\Users\Tarun\.p2\pool\plugins\org.eclipse.justj.openjdk.hotspot.jre.full.win32.x86_64_17.0.2.v20220201-1208\jre\bin\vcruntime140_1.dll
0x00007ffe92140000 - 0x00007ffe921d1000 	C:\Users\Tarun\.p2\pool\plugins\org.eclipse.justj.openjdk.hotspot.jre.full.win32.x86_64_17.0.2.v20220201-1208\jre\bin\msvcp140.dll
0x00007ffe48470000 - 0x00007ffe490b7000 	C:\Users\Tarun\.p2\pool\plugins\org.eclipse.justj.openjdk.hotspot.jre.full.win32.x86_64_17.0.2.v20220201-1208\jre\bin\server\jvm.dll
0x00007ffeaa420000 - 0x00007ffeaa4cc000 	C:\Windows\System32\ADVAPI32.dll
0x00007ffeaa320000 - 0x00007ffeaa3bb000 	C:\Windows\System32\sechost.dll
0x00007ffeaab60000 - 0x00007ffeaac8a000 	C:\Windows\System32\RPCRT4.dll
0x00007ffea9200000 - 0x00007ffea9208000 	C:\Windows\System32\PSAPI.DLL
0x00007ffea3dd0000 - 0x00007ffea3dd9000 	C:\Windows\SYSTEM32\WSOCK32.dll
0x00007ffeaae00000 - 0x00007ffeaae6b000 	C:\Windows\System32\WS2_32.dll
0x00007ffe97ed0000 - 0x00007ffe97eda000 	C:\Windows\SYSTEM32\VERSION.dll
0x00007ffe8e320000 - 0x00007ffe8e347000 	C:\Windows\SYSTEM32\WINMM.dll
0x00007ffea64d0000 - 0x00007ffea64e2000 	C:\Windows\SYSTEM32\kernel.appcore.dll
0x00007ffea3ee0000 - 0x00007ffea3eea000 	C:\Users\Tarun\.p2\pool\plugins\org.eclipse.justj.openjdk.hotspot.jre.full.win32.x86_64_17.0.2.v20220201-1208\jre\bin\jimage.dll
0x00007ffe956b0000 - 0x00007ffe95894000 	C:\Windows\SYSTEM32\DBGHELP.DLL
0x00007ffe962a0000 - 0x00007ffe962cc000 	C:\Windows\SYSTEM32\dbgcore.DLL
0x00007ffea86a0000 - 0x00007ffea8723000 	C:\Windows\System32\bcryptPrimitives.dll
0x00007ffea1940000 - 0x00007ffea1965000 	C:\Users\Tarun\.p2\pool\plugins\org.eclipse.justj.openjdk.hotspot.jre.full.win32.x86_64_17.0.2.v20220201-1208\jre\bin\java.dll
0x00007ffe96750000 - 0x00007ffe96768000 	C:\Users\Tarun\.p2\pool\plugins\org.eclipse.justj.openjdk.hotspot.jre.full.win32.x86_64_17.0.2.v20220201-1208\jre\bin\zip.dll
0x00007ffea92c0000 - 0x00007ffea99ff000 	C:\Windows\System32\SHELL32.dll
0x00007ffea66d0000 - 0x00007ffea6e60000 	C:\Windows\SYSTEM32\windows.storage.dll
0x00007ffeaa530000 - 0x00007ffeaa885000 	C:\Windows\System32\combase.dll
0x00007ffea7f50000 - 0x00007ffea7f7c000 	C:\Windows\SYSTEM32\Wldp.dll
0x00007ffeaa270000 - 0x00007ffeaa31d000 	C:\Windows\System32\SHCORE.dll
0x00007ffeaa4d0000 - 0x00007ffeaa525000 	C:\Windows\System32\shlwapi.dll
0x00007ffea8510000 - 0x00007ffea852f000 	C:\Windows\SYSTEM32\profapi.dll
0x00007ffe94980000 - 0x00007ffe94999000 	C:\Users\Tarun\.p2\pool\plugins\org.eclipse.justj.openjdk.hotspot.jre.full.win32.x86_64_17.0.2.v20220201-1208\jre\bin\net.dll
0x00007ffe98c50000 - 0x00007ffe98d58000 	C:\Windows\SYSTEM32\WINHTTP.dll
0x00007ffea7cb0000 - 0x00007ffea7d1a000 	C:\Windows\system32\mswsock.dll
0x00007ffe93fa0000 - 0x00007ffe93fb5000 	C:\Users\Tarun\.p2\pool\plugins\org.eclipse.justj.openjdk.hotspot.jre.full.win32.x86_64_17.0.2.v20220201-1208\jre\bin\nio.dll
0x0000000069ac0000 - 0x0000000069ae4000 	C:\Users\Tarun\AppData\Local\Temp\jansi-2.4.0-dc9f50fe07fa4a11-jansi.dll
0x00007ffea08a0000 - 0x00007ffea08b0000 	C:\Users\Tarun\.p2\pool\plugins\org.eclipse.justj.openjdk.hotspot.jre.full.win32.x86_64_17.0.2.v20220201-1208\jre\bin\verify.dll
0x00007ffe99070000 - 0x00007ffe9907e000 	C:\Users\Tarun\.p2\pool\plugins\org.eclipse.justj.openjdk.hotspot.jre.full.win32.x86_64_17.0.2.v20220201-1208\jre\bin\sunmscapi.dll
0x00007ffea87e0000 - 0x00007ffea8936000 	C:\Windows\System32\CRYPT32.dll
0x00007ffea7fc0000 - 0x00007ffea7fe7000 	C:\Windows\SYSTEM32\ncrypt.dll
0x00007ffea7f80000 - 0x00007ffea7fbb000 	C:\Windows\SYSTEM32\NTASN1.dll
0x00007ffea7ea0000 - 0x00007ffea7eb8000 	C:\Windows\SYSTEM32\CRYPTSP.dll
0x00007ffea7630000 - 0x00007ffea7664000 	C:\Windows\system32\rsaenh.dll
0x00007ffea85d0000 - 0x00007ffea85f7000 	C:\Windows\System32\bcrypt.dll
0x00007ffea84d0000 - 0x00007ffea84fe000 	C:\Windows\SYSTEM32\USERENV.dll
0x00007ffea7ec0000 - 0x00007ffea7ecc000 	C:\Windows\SYSTEM32\CRYPTBASE.dll
0x00007ffea79a0000 - 0x00007ffea79db000 	C:\Windows\SYSTEM32\IPHLPAPI.DLL
0x00007ffeaa040000 - 0x00007ffeaa048000 	C:\Windows\System32\NSI.dll
0x00007ffe9b5c0000 - 0x00007ffe9b5d7000 	C:\Windows\SYSTEM32\dhcpcsvc6.DLL
0x00007ffe9e4d0000 - 0x00007ffe9e4ed000 	C:\Windows\SYSTEM32\dhcpcsvc.DLL
0x00007ffea79e0000 - 0x00007ffea7aac000 	C:\Windows\SYSTEM32\DNSAPI.dll
0x00007ffe98b30000 - 0x00007ffe98b3a000 	C:\Windows\System32\rasadhlp.dll
0x00007ffe98e90000 - 0x00007ffe98f0f000 	C:\Windows\System32\fwpuclnt.dll

dbghelp: loaded successfully - version: 4.0.5 - missing functions: none
symbol engine: initialized successfully - sym options: 0x614 - pdb path: .;C:\Users\Tarun\.p2\pool\plugins\org.eclipse.justj.openjdk.hotspot.jre.full.win32.x86_64_17.0.2.v20220201-1208\jre\bin;C:\Windows\SYSTEM32;C:\Windows\WinSxS\amd64_microsoft.windows.common-controls_6595b64144ccf1df_6.0.19041.1110_none_60b5254171f9507e;C:\Users\Tarun\.p2\pool\plugins\org.eclipse.justj.openjdk.hotspot.jre.full.win32.x86_64_17.0.2.v20220201-1208\jre\bin\server;C:\Users\Tarun\AppData\Local\Temp

VM Arguments:
jvm_args: -Dmaven.home=EMBEDDED -Dclassworlds.conf=C:\Users\Tarun\eclipse-workspace\.metadata\.plugins\org.eclipse.m2e.launching\launches\m2conf7842270898221871472.tmp -Dmaven.multiModuleProjectDirectory=C:\Users\Tarun\Music\EMSAPI -Dfile.encoding=Cp1252 -XX:+ShowCodeDetailsInExceptionMessages 
java_command: org.codehaus.plexus.classworlds.launcher.Launcher -B install
java_class_path (initial): C:\Users\Tarun\.p2\pool\plugins\org.eclipse.m2e.maven.runtime_1.18.3.20220227-1319\jars\plexus-classworlds-2.6.0.jar
Launcher Type: SUN_STANDARD

[Global flags]
     intx CICompilerCount                          = 3                                         {product} {ergonomic}
     uint ConcGCThreads                            = 1                                         {product} {ergonomic}
     uint G1ConcRefinementThreads                  = 4                                         {product} {ergonomic}
   size_t G1HeapRegionSize                         = 1048576                                   {product} {ergonomic}
    uintx GCDrainStackTargetSize                   = 64                                        {product} {ergonomic}
   size_t InitialHeapSize                          = 134217728                                 {product} {ergonomic}
   size_t MarkStackSize                            = 4194304                                   {product} {ergonomic}
   size_t MaxHeapSize                              = 2122317824                                {product} {ergonomic}
   size_t MaxNewSize                               = 1272971264                                {product} {ergonomic}
   size_t MinHeapDeltaBytes                        = 1048576                                   {product} {ergonomic}
   size_t MinHeapSize                              = 8388608                                   {product} {ergonomic}
    uintx NonNMethodCodeHeapSize                   = 5832780                                {pd product} {ergonomic}
    uintx NonProfiledCodeHeapSize                  = 122912730                              {pd product} {ergonomic}
    uintx ProfiledCodeHeapSize                     = 122912730                              {pd product} {ergonomic}
    uintx ReservedCodeCacheSize                    = 251658240                              {pd product} {ergonomic}
     bool SegmentedCodeCache                       = true                                      {product} {ergonomic}
     bool ShowCodeDetailsInExceptionMessages       = true                                   {manageable} {command line}
   size_t SoftMaxHeapSize                          = 2122317824                             {manageable} {ergonomic}
     bool UseCompressedClassPointers               = true                           {product lp64_product} {ergonomic}
     bool UseCompressedOops                        = true                           {product lp64_product} {ergonomic}
     bool UseG1GC                                  = true                                      {product} {ergonomic}
     bool UseLargePagesIndividualAllocation        = false                                  {pd product} {ergonomic}

Logging:
Log output configuration:
 #0: stdout all=warning uptime,level,tags
 #1: stderr all=off uptime,level,tags

Environment Variables:
PATH=C:/Users/Tarun/.p2/pool/plugins/org.eclipse.justj.openjdk.hotspot.jre.full.win32.x86_64_17.0.2.v20220201-1208/jre/bin/server;C:/Users/Tarun/.p2/pool/plugins/org.eclipse.justj.openjdk.hotspot.jre.full.win32.x86_64_17.0.2.v20220201-1208/jre/bin;C:\Program Files (x86)\Common Files\Oracle\Java\javapath;C:\Program Files (x86)\Intel\iCLS Client\;C:\Program Files\Intel\iCLS Client\;C:\Windows\system32;C:\Windows;C:\Windows\System32\Wbem;C:\Windows\System32\WindowsPowerShell\v1.0\;C:\Windows\System32\OpenSSH\;C:\Program Files\PuTTY\;C:\Users\Tarun\AppData\Local\Microsoft\WindowsApps;;C:\Users\Tarun\Desktop;
USERNAME=Tarun
OS=Windows_NT
PROCESSOR_IDENTIFIER=Intel64 Family 6 Model 61 Stepping 4, GenuineIntel



---------------  S Y S T E M  ---------------

OS:
 Windows 10 , 64 bit Build 19041 (10.0.19041.1202)
OS uptime: 1 days 9:29 hours

CPU: total 4 (initial active 4) (2 cores per cpu, 2 threads per core) family 6 model 61 stepping 4 microcode 0x2f, cx8, cmov, fxsr, ht, mmx, 3dnowpref, sse, sse2, sse3, ssse3, sse4.1, sse4.2, popcnt, lzcnt, tsc, tscinvbit, avx, avx2, aes, erms, clmul, bmi1, bmi2, rtm, adx, fma, vzeroupper, clflush

Memory: 4k page, system-wide physical 8094M (1225M free)
TotalPageFile size 10014M (AvailPageFile size 11M)
current process WorkingSet (physical memory assigned to process): 234M, peak: 239M
current process commit charge ("private bytes"): 256M, peak: 264M

vm_info: OpenJDK 64-Bit Server VM (17.0.2+8) for windows-amd64 JRE (17.0.2+8), built on Jan 20 2022 04:52:34 by "" with MS VC++ 16.7 (VS2019)

END.
